2026-01-28 19:41:22 +0000 - dagster - DEBUG - ingestion - 3d9acf62-35ca-4d87-bf7d-09088684cdac - 2242 - LOGS_CAPTURED - Started capturing logs in process (pid: 2242).
2026-01-28 19:41:22 +0000 - dagster - DEBUG - ingestion - 3d9acf62-35ca-4d87-bf7d-09088684cdac - 2242 - ingested_entry_file - STEP_START - Started execution of step "ingested_entry_file".
Warning: Ignoring non-Spark config property: mapreduce.fileoutputcommitter.algorithm.version
Ivy Default Cache set to: /root/.ivy2/cache
The jars for the packages stored in: /root/.ivy2/jars
io.delta#delta-spark_2.12 added as a dependency
:: resolving dependencies :: org.apache.spark#spark-submit-parent-85f2930a-1f04-4bc0-98a2-a393dd3e2965;1.0
	confs: [default]
	found io.delta#delta-spark_2.12;3.2.1 in central
	found io.delta#delta-storage;3.2.1 in central
	found org.antlr#antlr4-runtime;4.9.3 in central
:: resolution report :: resolve 79ms :: artifacts dl 2ms
	:: modules in use:
	io.delta#delta-spark_2.12;3.2.1 from central in [default]
	io.delta#delta-storage;3.2.1 from central in [default]
	org.antlr#antlr4-runtime;4.9.3 from central in [default]
	---------------------------------------------------------------------
	|                  |            modules            ||   artifacts   |
	|       conf       | number| search|dwnlded|evicted|| number|dwnlded|
	---------------------------------------------------------------------
	|      default     |   3   |   0   |   0   |   0   ||   3   |   0   |
	---------------------------------------------------------------------
:: retrieving :: org.apache.spark#spark-submit-parent-85f2930a-1f04-4bc0-98a2-a393dd3e2965
	confs: [default]
	0 artifacts copied, 3 already retrieved (0kB/2ms)
26/01/28 19:41:23 WARN NativeCodeLoader: Unable to load native-hadoop library for your platform... using builtin-java classes where applicable
Setting default log level to "WARN".
To adjust logging level use sc.setLogLevel(newLevel). For SparkR, use setLogLevel(newLevel).
[Stage 0:>                                                        (0 + 16) / 16][Stage 0:=====================================================>   (15 + 1) / 16]                                                                                [Stage 1:=====================================================>   (15 + 1) / 16]                                                                                2026-01-28 19:41:27 +0000 - dagster - INFO - ingestion - 3d9acf62-35ca-4d87-bf7d-09088684cdac - ingested_entry_file - Llegits 111 registres de /app/vigilar/jcanell4/results_boatdata.extractor_1.json
2026-01-28 19:41:27 +0000 - dagster - DEBUG - ingestion - 3d9acf62-35ca-4d87-bf7d-09088684cdac - 2242 - ingested_entry_file - STEP_OUTPUT - Yielded output "result" of type "dict". (Type check passed).
2026-01-28 19:41:27 +0000 - dagster - DEBUG - ingestion - 3d9acf62-35ca-4d87-bf7d-09088684cdac - ingested_entry_file - Writing file at: /opt/dagster/dagster_home/storage/ingested_entry_file using PickledObjectFilesystemIOManager...
2026-01-28 19:41:27 +0000 - dagster - DEBUG - ingestion - 3d9acf62-35ca-4d87-bf7d-09088684cdac - 2242 - ingested_entry_file - ASSET_MATERIALIZATION - Materialized value ingested_entry_file.
2026-01-28 19:41:27 +0000 - dagster - DEBUG - ingestion - 3d9acf62-35ca-4d87-bf7d-09088684cdac - 2242 - ingested_entry_file - HANDLED_OUTPUT - Handled output "result" using IO manager "io_manager"
2026-01-28 19:41:27 +0000 - dagster - DEBUG - ingestion - 3d9acf62-35ca-4d87-bf7d-09088684cdac - 2242 - ingested_entry_file - STEP_SUCCESS - Finished execution of step "ingested_entry_file" in 5.33s.
