2026-01-28 19:13:25 +0000 - dagster - DEBUG - ingestion - e7d84e82-72d1-49bf-9c34-fd43c7304b51 - 570 - LOGS_CAPTURED - Started capturing logs in process (pid: 570).
2026-01-28 19:13:25 +0000 - dagster - DEBUG - ingestion - e7d84e82-72d1-49bf-9c34-fd43c7304b51 - 570 - ingested_entry_file - STEP_START - Started execution of step "ingested_entry_file".
2026-01-28 19:13:25 +0000 - dagster - ERROR - ingestion - e7d84e82-72d1-49bf-9c34-fd43c7304b51 - 570 - ingested_entry_file - STEP_FAILURE - Execution of step "ingested_entry_file" failed.

dagster._core.errors.DagsterExecutionStepExecutionError: Error occurred while executing op "ingested_entry_file"::

TypeError: 'dict_keys' object is not subscriptable

Stack Trace:
  File "/usr/local/lib/python3.12/site-packages/dagster/_core/execution/plan/utils.py", line 57, in op_execution_error_boundary
    yield
  File "/usr/local/lib/python3.12/site-packages/dagster/_utils/__init__.py", line 394, in iterate_with_context
    next_output = next(iterator)
                  ^^^^^^^^^^^^^^
  File "/usr/local/lib/python3.12/site-packages/dagster/_core/execution/plan/compute_generator.py", line 135, in _coerce_op_compute_fn_to_iterator
    result = invoke_compute_fn(
             ^^^^^^^^^^^^^^^^^^
  File "/usr/local/lib/python3.12/site-packages/dagster/_core/execution/plan/compute_generator.py", line 115, in invoke_compute_fn
    return fn(context, **args_to_pass) if context_arg_provided else fn(**args_to_pass)
           ^^^^^^^^^^^^^^^^^^^^^^^^^^^
  File "/usr/local/lib/python3.12/site-packages/dagster_portada_project/assets/boat_fact_ingestion_assets.py", line 15, in ingested_entry_file
    layer = datalayer.get_boat_fact_layer()
            ^^^^^^^^^^^^^^^^^^^^^^^^^^^^^^^
  File "/usr/local/lib/python3.12/site-packages/dagster_portada_project/resources/delta_data_layer_resource.py", line 47, in get_boat_fact_layer
    self.setup()
  File "/usr/local/lib/python3.12/site-packages/dagster_portada_project/resources/delta_data_layer_resource.py", line 25, in setup
    self._layer_builder = PortadaBuilder(config)
                          ^^^^^^^^^^^^^^^^^^^^^^
  File "/usr/local/lib/python3.12/site-packages/portada_data_layer/portada_delta_builder.py", line 179, in __init__
    super().__init__(json_config=json_config)
  File "/usr/local/lib/python3.12/site-packages/portada_data_layer/portada_delta_builder.py", line 56, in __init__
    k = c.keys()[0]
        ~~~~~~~~^^^

