2026-01-28 15:59:06 +0000 - dagster - DEBUG - ingestion - 8ee3eae0-426e-4ffd-8ac7-1a0d7ece8f1b - 931 - LOGS_CAPTURED - Started capturing logs in process (pid: 931).
2026-01-28 15:59:06 +0000 - dagster - DEBUG - ingestion - 8ee3eae0-426e-4ffd-8ac7-1a0d7ece8f1b - 931 - ingested_entry_file - STEP_START - Started execution of step "ingested_entry_file".
Ivy Default Cache set to: /root/.ivy2/cache
The jars for the packages stored in: /root/.ivy2/jars
io.delta#delta-spark_2.12 added as a dependency
:: resolving dependencies :: org.apache.spark#spark-submit-parent-28386d08-d284-483d-a42e-55dc9ef8f9d4;1.0
	confs: [default]
	found io.delta#delta-spark_2.12;3.2.1 in central
	found io.delta#delta-storage;3.2.1 in central
	found org.antlr#antlr4-runtime;4.9.3 in central
downloading https://repo1.maven.org/maven2/io/delta/delta-spark_2.12/3.2.1/delta-spark_2.12-3.2.1.jar ...
	[SUCCESSFUL ] io.delta#delta-spark_2.12;3.2.1!delta-spark_2.12.jar (406ms)
downloading https://repo1.maven.org/maven2/io/delta/delta-storage/3.2.1/delta-storage-3.2.1.jar ...
	[SUCCESSFUL ] io.delta#delta-storage;3.2.1!delta-storage.jar (123ms)
downloading https://repo1.maven.org/maven2/org/antlr/antlr4-runtime/4.9.3/antlr4-runtime-4.9.3.jar ...
	[SUCCESSFUL ] org.antlr#antlr4-runtime;4.9.3!antlr4-runtime.jar (138ms)
:: resolution report :: resolve 1886ms :: artifacts dl 669ms
	:: modules in use:
	io.delta#delta-spark_2.12;3.2.1 from central in [default]
	io.delta#delta-storage;3.2.1 from central in [default]
	org.antlr#antlr4-runtime;4.9.3 from central in [default]
	---------------------------------------------------------------------
	|                  |            modules            ||   artifacts   |
	|       conf       | number| search|dwnlded|evicted|| number|dwnlded|
	---------------------------------------------------------------------
	|      default     |   3   |   3   |   3   |   0   ||   3   |   3   |
	---------------------------------------------------------------------
:: retrieving :: org.apache.spark#spark-submit-parent-28386d08-d284-483d-a42e-55dc9ef8f9d4
	confs: [default]
	3 artifacts copied, 0 already retrieved (6332kB/7ms)
26/01/28 15:59:10 WARN NativeCodeLoader: Unable to load native-hadoop library for your platform... using builtin-java classes where applicable
Setting default log level to "WARN".
To adjust logging level use sc.setLogLevel(newLevel). For SparkR, use setLogLevel(newLevel).
Error reading file /app/vigilar/jcanell4: [Errno 21] Is a directory: '/app/vigilar/jcanell4'
2026-01-28 15:59:11 +0000 - dagster - ERROR - ingestion - 8ee3eae0-426e-4ffd-8ac7-1a0d7ece8f1b - 931 - ingested_entry_file - STEP_FAILURE - Execution of step "ingested_entry_file" failed.

dagster._core.errors.DagsterExecutionStepExecutionError: Error occurred while executing op "ingested_entry_file"::

IsADirectoryError: [Errno 21] Is a directory: '/app/vigilar/jcanell4'

Stack Trace:
  File "/usr/local/lib/python3.12/site-packages/dagster/_core/execution/plan/utils.py", line 57, in op_execution_error_boundary
    yield
  File "/usr/local/lib/python3.12/site-packages/dagster/_utils/__init__.py", line 394, in iterate_with_context
    next_output = next(iterator)
                  ^^^^^^^^^^^^^^
  File "/usr/local/lib/python3.12/site-packages/dagster/_core/execution/plan/compute_generator.py", line 135, in _coerce_op_compute_fn_to_iterator
    result = invoke_compute_fn(
             ^^^^^^^^^^^^^^^^^^
  File "/usr/local/lib/python3.12/site-packages/dagster/_core/execution/plan/compute_generator.py", line 115, in invoke_compute_fn
    return fn(context, **args_to_pass) if context_arg_provided else fn(**args_to_pass)
           ^^^^^^^^^^^^^^^^^^^^^^^^^^^
  File "/usr/local/lib/python3.12/site-packages/dagster_portada_project/assets/boat_fact_ingestion_assets.py", line 17, in ingested_entry_file
    data, dest_path = layer.copy_ingested_raw_data(local_path=local_path, return_dest_path=True, user=user)
                      ^^^^^^^^^^^^^^^^^^^^^^^^^^^^^^^^^^^^^^^^^^^^^^^^^^^^^^^^^^^^^^^^^^^^^^^^^^^^^^^^^^^^^
  File "/usr/local/lib/python3.12/site-packages/portada_data_layer/portada_ingestion.py", line 520, in copy_ingested_raw_data
    return super().copy_ingested_raw_data(self.__container_path, user, local_path=local_path,
           ^^^^^^^^^^^^^^^^^^^^^^^^^^^^^^^^^^^^^^^^^^^^^^^^^^^^^^^^^^^^^^^^^^^^^^^^^^^^^^^^^^
  File "/usr/local/lib/python3.12/site-packages/portada_data_layer/data_lake_metadata_manager.py", line 424, in wrapper
    return __is_data_transformer(func, "self", dataframe_key, description, *args, **kwargs)
           ^^^^^^^^^^^^^^^^^^^^^^^^^^^^^^^^^^^^^^^^^^^^^^^^^^^^^^^^^^^^^^^^^^^^^^^^^^^^^^^^
  File "/usr/local/lib/python3.12/site-packages/portada_data_layer/data_lake_metadata_manager.py", line 118, in __is_data_transformer
    resultat = func(*args, **kwargs)
               ^^^^^^^^^^^^^^^^^^^^^
  File "/usr/local/lib/python3.12/site-packages/portada_data_layer/portada_ingestion.py", line 106, in copy_ingested_raw_data
    raise e
  File "/usr/local/lib/python3.12/site-packages/portada_data_layer/portada_ingestion.py", line 91, in copy_ingested_raw_data
    with open(local_path) as f:
         ^^^^^^^^^^^^^^^^

