2026-02-04 08:58:05 +0000 - dagster - DEBUG - ingestion - a004e162-14e1-4d6c-9021-90b5767841ec - 1289 - LOGS_CAPTURED - Started capturing logs in process (pid: 1289).
2026-02-04 08:58:05 +0000 - dagster - DEBUG - ingestion - a004e162-14e1-4d6c-9021-90b5767841ec - 1289 - ingested_entry_file - STEP_START - Started execution of step "ingested_entry_file".
Warning: Ignoring non-Spark config property: mapreduce.fileoutputcommitter.algorithm.version
Ivy Default Cache set to: /home/spark/.ivy2/cache
The jars for the packages stored in: /home/spark/.ivy2/jars
io.delta#delta-spark_2.12 added as a dependency
:: resolving dependencies :: org.apache.spark#spark-submit-parent-6be3614d-8974-48a7-9b73-8884983fee16;1.0
	confs: [default]
	found io.delta#delta-spark_2.12;3.2.1 in central
	found io.delta#delta-storage;3.2.1 in central
	found org.antlr#antlr4-runtime;4.9.3 in central
:: resolution report :: resolve 102ms :: artifacts dl 5ms
	:: modules in use:
	io.delta#delta-spark_2.12;3.2.1 from central in [default]
	io.delta#delta-storage;3.2.1 from central in [default]
	org.antlr#antlr4-runtime;4.9.3 from central in [default]
	---------------------------------------------------------------------
	|                  |            modules            ||   artifacts   |
	|       conf       | number| search|dwnlded|evicted|| number|dwnlded|
	---------------------------------------------------------------------
	|      default     |   3   |   0   |   0   |   0   ||   3   |   0   |
	---------------------------------------------------------------------
:: retrieving :: org.apache.spark#spark-submit-parent-6be3614d-8974-48a7-9b73-8884983fee16
	confs: [default]
	0 artifacts copied, 3 already retrieved (0kB/4ms)
26/02/04 08:58:07 WARN NativeCodeLoader: Unable to load native-hadoop library for your platform... using builtin-java classes where applicable
Setting default log level to "WARN".
To adjust logging level use sc.setLogLevel(newLevel). For SparkR, use setLogLevel(newLevel).
[Stage 0:>                                                          (0 + 4) / 4][Stage 0:============================================>              (3 + 1) / 4]                                                                                2026-02-04 08:58:13 +0000 - dagster - INFO - ingestion - a004e162-14e1-4d6c-9021-90b5767841ec - ingested_entry_file - Llegits 111 registres de /app/ingestion/entry/jcanell4/results_boatdata.extractor.json
2026-02-04 08:58:13 +0000 - dagster - DEBUG - ingestion - a004e162-14e1-4d6c-9021-90b5767841ec - 1289 - ingested_entry_file - STEP_OUTPUT - Yielded output "result" of type "dict". (Type check passed).
2026-02-04 08:58:13 +0000 - dagster - DEBUG - ingestion - a004e162-14e1-4d6c-9021-90b5767841ec - ingested_entry_file - Writing file at: /opt/dagster/dagster_home/storage/ingested_entry_file using PickledObjectFilesystemIOManager...
2026-02-04 08:58:13 +0000 - dagster - DEBUG - ingestion - a004e162-14e1-4d6c-9021-90b5767841ec - 1289 - ingested_entry_file - ASSET_MATERIALIZATION - Materialized value ingested_entry_file.
2026-02-04 08:58:13 +0000 - dagster - DEBUG - ingestion - a004e162-14e1-4d6c-9021-90b5767841ec - 1289 - ingested_entry_file - HANDLED_OUTPUT - Handled output "result" using IO manager "io_manager"
2026-02-04 08:58:13 +0000 - dagster - DEBUG - ingestion - a004e162-14e1-4d6c-9021-90b5767841ec - 1289 - ingested_entry_file - STEP_SUCCESS - Finished execution of step "ingested_entry_file" in 8.43s.
