2026-02-03 16:45:14 +0000 - dagster - DEBUG - ingestion - c879c6db-a5ef-42d9-85e7-8300568055fb - 332 - LOGS_CAPTURED - Started capturing logs in process (pid: 332).
2026-02-03 16:45:14 +0000 - dagster - DEBUG - ingestion - c879c6db-a5ef-42d9-85e7-8300568055fb - 332 - ingested_entry_file - STEP_START - Started execution of step "ingested_entry_file".
Warning: Ignoring non-Spark config property: mapreduce.fileoutputcommitter.algorithm.version
Ivy Default Cache set to: /home/spark/.ivy2/cache
The jars for the packages stored in: /home/spark/.ivy2/jars
io.delta#delta-spark_2.12 added as a dependency
:: resolving dependencies :: org.apache.spark#spark-submit-parent-8989bd0b-5c8c-483d-905c-f60f33298cd5;1.0
	confs: [default]
	found io.delta#delta-spark_2.12;3.2.1 in central
	found io.delta#delta-storage;3.2.1 in central
	found org.antlr#antlr4-runtime;4.9.3 in central
downloading https://repo1.maven.org/maven2/io/delta/delta-spark_2.12/3.2.1/delta-spark_2.12-3.2.1.jar ...
	[SUCCESSFUL ] io.delta#delta-spark_2.12;3.2.1!delta-spark_2.12.jar (1081ms)
downloading https://repo1.maven.org/maven2/io/delta/delta-storage/3.2.1/delta-storage-3.2.1.jar ...
	[SUCCESSFUL ] io.delta#delta-storage;3.2.1!delta-storage.jar (223ms)
downloading https://repo1.maven.org/maven2/org/antlr/antlr4-runtime/4.9.3/antlr4-runtime-4.9.3.jar ...
	[SUCCESSFUL ] org.antlr#antlr4-runtime;4.9.3!antlr4-runtime.jar (230ms)
:: resolution report :: resolve 3257ms :: artifacts dl 1547ms
	:: modules in use:
	io.delta#delta-spark_2.12;3.2.1 from central in [default]
	io.delta#delta-storage;3.2.1 from central in [default]
	org.antlr#antlr4-runtime;4.9.3 from central in [default]
	---------------------------------------------------------------------
	|                  |            modules            ||   artifacts   |
	|       conf       | number| search|dwnlded|evicted|| number|dwnlded|
	---------------------------------------------------------------------
	|      default     |   3   |   3   |   3   |   0   ||   3   |   3   |
	---------------------------------------------------------------------
:: retrieving :: org.apache.spark#spark-submit-parent-8989bd0b-5c8c-483d-905c-f60f33298cd5
	confs: [default]
	3 artifacts copied, 0 already retrieved (6332kB/32ms)
26/02/03 16:45:20 WARN NativeCodeLoader: Unable to load native-hadoop library for your platform... using builtin-java classes where applicable
Setting default log level to "WARN".
To adjust logging level use sc.setLogLevel(newLevel). For SparkR, use setLogLevel(newLevel).
[Stage 0:>                                                          (0 + 4) / 4][Stage 0:============================================>              (3 + 1) / 4]                                                                                2026-02-03 16:45:25 +0000 - dagster - INFO - ingestion - c879c6db-a5ef-42d9-85e7-8300568055fb - ingested_entry_file - Llegits 111 registres de /app/ingestion/entry/jcanell4/results_boatdata.extractor.json
2026-02-03 16:45:26 +0000 - dagster - DEBUG - ingestion - c879c6db-a5ef-42d9-85e7-8300568055fb - 332 - ingested_entry_file - STEP_OUTPUT - Yielded output "result" of type "dict". (Type check passed).
2026-02-03 16:45:26 +0000 - dagster - DEBUG - ingestion - c879c6db-a5ef-42d9-85e7-8300568055fb - ingested_entry_file - Writing file at: /opt/dagster/dagster_home/storage/ingested_entry_file using PickledObjectFilesystemIOManager...
2026-02-03 16:45:26 +0000 - dagster - DEBUG - ingestion - c879c6db-a5ef-42d9-85e7-8300568055fb - 332 - ingested_entry_file - ASSET_MATERIALIZATION - Materialized value ingested_entry_file.
2026-02-03 16:45:26 +0000 - dagster - DEBUG - ingestion - c879c6db-a5ef-42d9-85e7-8300568055fb - 332 - ingested_entry_file - HANDLED_OUTPUT - Handled output "result" using IO manager "io_manager"
2026-02-03 16:45:26 +0000 - dagster - DEBUG - ingestion - c879c6db-a5ef-42d9-85e7-8300568055fb - 332 - ingested_entry_file - STEP_SUCCESS - Finished execution of step "ingested_entry_file" in 11.9s.
